<?xml version="1.0" encoding="UTF-8"?>
<!-- Generated by org.testng.reporters.JUnitReportReporter -->
<testsuite skipped="0" hostname="DESKTOP-INQUNRP" name="com.facebok.LoginTests.LoginAccountTest" tests="1" failures="0" timestamp="2021-06-06T21:52:22 EDT" time="0.315" errors="0">
  <testcase name="loginTest" time="0.315" classname="com.facebok.LoginTests.LoginAccountTest"/>
</testsuite> <!-- com.facebok.LoginTests.LoginAccountTest -->
