<?xml version="1.0" encoding="UTF-8"?>
<!-- Generated by org.testng.reporters.JUnitReportReporter -->
<testsuite skipped="0" hostname="DESKTOP-INQUNRP" name="com.facebok.LoginTests.LoginAccountWithConstructorTest" tests="1" failures="0" timestamp="2021-06-06T21:54:06 EDT" time="0.384" errors="0">
  <testcase name="loginTest" time="0.384" classname="com.facebok.LoginTests.LoginAccountWithConstructorTest"/>
</testsuite> <!-- com.facebok.LoginTests.LoginAccountWithConstructorTest -->
