<?xml version="1.0" encoding="UTF-8"?>
<!-- Generated by org.testng.reporters.JUnitReportReporter -->
<testsuite skipped="0" hostname="DESKTOP-INQUNRP" name="com.facebok.Rough.Welcome" tests="1" failures="0" timestamp="2021-06-05T18:44:13 EDT" time="0.027" errors="0">
  <testcase name="wecomeTest" time="0.027" classname="com.facebok.Rough.Welcome"/>
</testsuite> <!-- com.facebok.Rough.Welcome -->
